<?xml version="1.0" encoding="UTF-8"?>
<!-- Generated by org.testng.reporters.JUnitReportReporter -->
<testsuite hostname="DESKTOP-LP3SET9" failures="0" tests="1" name="Org_InsuranceDomain_Clients.UpdateClientTest" time="3.623" errors="0" timestamp="2023-03-08T15:08:28 IST" skipped="0">
  <testcase classname="Org_InsuranceDomain_Clients.UpdateClientTest" name="updateClientTest" time="3.623"/>
  <system-out/>
</testsuite> <!-- Org_InsuranceDomain_Clients.UpdateClientTest -->
